# JRE version: OpenJDK Runtime Environment (21.0.2+13) (build 21.0.2+13-58)
# Java VM: OpenJDK 64-Bit Server VM (21.0.2+13-58, mixed mode, sharing, tiered, compressed oops, compressed class ptrs, g1 gc, bsd-aarch64)
Heap:
 garbage-first heap   total 264192K, used 113633K [0x0000000700000000, 0x0000000800000000)
  region size 2048K, 41 young (83968K), 1 survivors (2048K)
 Metaspace       used 10465K, committed 10688K, reserved 1114112K
  class space    used 1102K, committed 1216K, reserved 1048576K
GC Heap History (20 events):
Event: 3324.534 GC heap before
{Heap before GC invocations=682 (full 0):
 garbage-first heap   total 264192K, used 157658K [0x0000000700000000, 0x0000000800000000)
  region size 2048K, 76 young (155648K), 1 survivors (2048K)
 Metaspace       used 10462K, committed 10688K, reserved 1114112K
  class space    used 1101K, committed 1216K, reserved 1048576K
}
Event: 3324.535 GC heap after
{Heap after GC invocations=683 (full 0):
 garbage-first heap   total 264192K, used 4060K [0x0000000700000000, 0x0000000800000000)
  region size 2048K, 1 young (2048K), 1 survivors (2048K)
 Metaspace       used 10462K, committed 10688K, reserved 1114112K
  class space    used 1101K, committed 1216K, reserved 1048576K
}
Event: 3329.362 GC heap before
{Heap before GC invocations=683 (full 0):
 garbage-first heap   total 264192K, used 157660K [0x0000000700000000, 0x0000000800000000)
  region size 2048K, 76 young (155648K), 1 survivors (2048K)
 Metaspace       used 10462K, committed 10688K, reserved 1114112K
  class space    used 1101K, committed 1216K, reserved 1048576K
}
Event: 3329.363 GC heap after
{Heap after GC invocations=684 (full 0):
 garbage-first heap   total 264192K, used 4058K [0x0000000700000000, 0x0000000800000000)
  region size 2048K, 1 young (2048K), 1 survivors (2048K)
 Metaspace       used 10462K, committed 10688K, reserved 1114112K
  class space    used 1101K, committed 1216K, reserved 1048576K
}
Event: 3334.195 GC heap before
{Heap before GC invocations=684 (full 0):
 garbage-first heap   total 264192K, used 157658K [0x0000000700000000, 0x0000000800000000)
  region size 2048K, 76 young (155648K), 1 survivors (2048K)
 Metaspace       used 10462K, committed 10688K, reserved 1114112K
  class space    used 1101K, committed 1216K, reserved 1048576K
}
Event: 3334.195 GC heap after
{Heap after GC invocations=685 (full 0):
 garbage-first heap   total 264192K, used 4058K [0x0000000700000000, 0x0000000800000000)
  region size 2048K, 1 young (2048K), 1 survivors (2048K)
 Metaspace       used 10462K, committed 10688K, reserved 1114112K
  class space    used 1101K, committed 1216K, reserved 1048576K
}
Event: 3339.036 GC heap before
{Heap before GC invocations=685 (full 0):
 garbage-first heap   total 264192K, used 157658K [0x0000000700000000, 0x0000000800000000)
  region size 2048K, 76 young (155648K), 1 survivors (2048K)
 Metaspace       used 10462K, committed 10688K, reserved 1114112K
  class space    used 1101K, committed 1216K, reserved 1048576K
}
Event: 3339.036 GC heap after
{Heap after GC invocations=686 (full 0):
 garbage-first heap   total 264192K, used 4062K [0x0000000700000000, 0x0000000800000000)
  region size 2048K, 1 young (2048K), 1 survivors (2048K)
 Metaspace       used 10462K, committed 10688K, reserved 1114112K
  class space    used 1101K, committed 1216K, reserved 1048576K
}
Event: 3343.868 GC heap before
{Heap before GC invocations=686 (full 0):
 garbage-first heap   total 264192K, used 157662K [0x0000000700000000, 0x0000000800000000)
  region size 2048K, 76 young (155648K), 1 survivors (2048K)
 Metaspace       used 10462K, committed 10688K, reserved 1114112K
  class space    used 1101K, committed 1216K, reserved 1048576K
}
Event: 3343.869 GC heap after
{Heap after GC invocations=687 (full 0):
 garbage-first heap   total 264192K, used 4062K [0x0000000700000000, 0x0000000800000000)
  region size 2048K, 1 young (2048K), 1 survivors (2048K)
 Metaspace       used 10462K, committed 10688K, reserved 1114112K
  class space    used 1101K, committed 1216K, reserved 1048576K
}
Event: 3348.713 GC heap before
{Heap before GC invocations=687 (full 0):
 garbage-first heap   total 264192K, used 157662K [0x0000000700000000, 0x0000000800000000)
  region size 2048K, 76 young (155648K), 1 survivors (2048K)
 Metaspace       used 10462K, committed 10688K, reserved 1114112K
  class space    used 1101K, committed 1216K, reserved 1048576K
}
Event: 3348.714 GC heap after
{Heap after GC invocations=688 (full 0):
 garbage-first heap   total 264192K, used 4060K [0x0000000700000000, 0x0000000800000000)
  region size 2048K, 1 young (2048K), 1 survivors (2048K)
 Metaspace       used 10462K, committed 10688K, reserved 1114112K
  class space    used 1101K, committed 1216K, reserved 1048576K
}
Event: 3353.553 GC heap before
{Heap before GC invocations=688 (full 0):
 garbage-first heap   total 264192K, used 157660K [0x0000000700000000, 0x0000000800000000)
  region size 2048K, 76 young (155648K), 1 survivors (2048K)
 Metaspace       used 10462K, committed 10688K, reserved 1114112K
  class space    used 1101K, committed 1216K, reserved 1048576K
}
Event: 3353.553 GC heap after
{Heap after GC invocations=689 (full 0):
 garbage-first heap   total 264192K, used 4060K [0x0000000700000000, 0x0000000800000000)
  region size 2048K, 1 young (2048K), 1 survivors (2048K)
 Metaspace       used 10462K, committed 10688K, reserved 1114112K
  class space    used 1101K, committed 1216K, reserved 1048576K
}
Event: 3358.385 GC heap before
{Heap before GC invocations=689 (full 0):
 garbage-first heap   total 264192K, used 157660K [0x0000000700000000, 0x0000000800000000)
  region size 2048K, 76 young (155648K), 1 survivors (2048K)
 Metaspace       used 10462K, committed 10688K, reserved 1114112K
  class space    used 1101K, committed 1216K, reserved 1048576K
}
Event: 3358.386 GC heap after
{Heap after GC invocations=690 (full 0):
 garbage-first heap   total 264192K, used 4060K [0x0000000700000000, 0x0000000800000000)
  region size 2048K, 1 young (2048K), 1 survivors (2048K)
 Metaspace       used 10462K, committed 10688K, reserved 1114112K
  class space    used 1101K, committed 1216K, reserved 1048576K
}
Event: 3363.230 GC heap before
{Heap before GC invocations=690 (full 0):
 garbage-first heap   total 264192K, used 157660K [0x0000000700000000, 0x0000000800000000)
  region size 2048K, 76 young (155648K), 1 survivors (2048K)
 Metaspace       used 10462K, committed 10688K, reserved 1114112K
  class space    used 1101K, committed 1216K, reserved 1048576K
}
Event: 3363.230 GC heap after
{Heap after GC invocations=691 (full 0):
 garbage-first heap   total 264192K, used 4058K [0x0000000700000000, 0x0000000800000000)
  region size 2048K, 1 young (2048K), 1 survivors (2048K)
 Metaspace       used 10462K, committed 10688K, reserved 1114112K
  class space    used 1101K, committed 1216K, reserved 1048576K
}
Event: 3368.061 GC heap before
{Heap before GC invocations=691 (full 0):
 garbage-first heap   total 264192K, used 157658K [0x0000000700000000, 0x0000000800000000)
  region size 2048K, 76 young (155648K), 1 survivors (2048K)
 Metaspace       used 10462K, committed 10688K, reserved 1114112K
  class space    used 1101K, committed 1216K, reserved 1048576K
}
Event: 3368.061 GC heap after
{Heap after GC invocations=692 (full 0):
 garbage-first heap   total 264192K, used 4060K [0x0000000700000000, 0x0000000800000000)
  region size 2048K, 1 young (2048K), 1 survivors (2048K)
 Metaspace       used 10462K, committed 10688K, reserved 1114112K
  class space    used 1101K, committed 1216K, reserved 1048576K
}

